[19:50:19 - main - INFO] Using FusedAdam optimizer
[19:50:19 - main - INFO] Training started...
[19:50:36 - main - INFO] epoch: 0, loss:  1.049e+00, time per epoch:  1.635e+01
[19:50:36 - main - INFO] Saved model on rank 0
[19:50:47 - main - INFO] epoch: 1, loss:  9.664e-01, time per epoch:  1.069e+01
[19:50:58 - main - INFO] epoch: 2, loss:  9.637e-01, time per epoch:  1.102e+01
[19:51:09 - main - INFO] epoch: 3, loss:  9.624e-01, time per epoch:  1.100e+01
[19:51:20 - main - INFO] epoch: 4, loss:  9.615e-01, time per epoch:  1.100e+01
[19:51:31 - main - INFO] epoch: 5, loss:  9.606e-01, time per epoch:  1.086e+01
[19:51:41 - main - INFO] epoch: 6, loss:  9.599e-01, time per epoch:  1.044e+01
[19:51:52 - main - INFO] epoch: 7, loss:  9.592e-01, time per epoch:  1.078e+01
[19:52:03 - main - INFO] epoch: 8, loss:  9.585e-01, time per epoch:  1.098e+01
[19:52:14 - main - INFO] epoch: 9, loss:  9.579e-01, time per epoch:  1.136e+01
[19:52:25 - main - INFO] epoch: 10, loss:  9.573e-01, time per epoch:  1.120e+01
[19:52:25 - main - INFO] Saved model on rank 0
[19:52:36 - main - INFO] epoch: 11, loss:  9.568e-01, time per epoch:  1.082e+01
[19:52:48 - main - INFO] epoch: 12, loss:  9.563e-01, time per epoch:  1.169e+01
[19:52:59 - main - INFO] epoch: 13, loss:  9.557e-01, time per epoch:  1.134e+01
[19:53:11 - main - INFO] epoch: 14, loss:  9.552e-01, time per epoch:  1.119e+01
[19:53:22 - main - INFO] epoch: 15, loss:  9.547e-01, time per epoch:  1.140e+01
[19:53:33 - main - INFO] epoch: 16, loss:  9.543e-01, time per epoch:  1.128e+01
[19:53:45 - main - INFO] epoch: 17, loss:  9.539e-01, time per epoch:  1.176e+01
[19:53:56 - main - INFO] epoch: 18, loss:  9.534e-01, time per epoch:  1.069e+01
[19:54:07 - main - INFO] epoch: 19, loss:  9.529e-01, time per epoch:  1.077e+01
[19:54:17 - main - INFO] epoch: 20, loss:  9.525e-01, time per epoch:  1.036e+01
[19:54:17 - main - INFO] Saved model on rank 0
[19:54:28 - main - INFO] epoch: 21, loss:  9.522e-01, time per epoch:  1.125e+01
[19:54:39 - main - INFO] epoch: 22, loss:  9.518e-01, time per epoch:  1.103e+01
[19:54:51 - main - INFO] epoch: 23, loss:  9.514e-01, time per epoch:  1.145e+01
[19:55:03 - main - INFO] epoch: 24, loss:  9.511e-01, time per epoch:  1.186e+01
[19:55:14 - main - INFO] epoch: 25, loss:  9.507e-01, time per epoch:  1.090e+01
[19:55:25 - main - INFO] epoch: 26, loss:  9.503e-01, time per epoch:  1.170e+01
[19:55:37 - main - INFO] epoch: 27, loss:  9.500e-01, time per epoch:  1.159e+01
[19:55:48 - main - INFO] epoch: 28, loss:  9.497e-01, time per epoch:  1.061e+01
[19:55:58 - main - INFO] epoch: 29, loss:  9.493e-01, time per epoch:  1.064e+01
[19:56:09 - main - INFO] epoch: 30, loss:  9.490e-01, time per epoch:  1.060e+01
[19:56:09 - main - INFO] Saved model on rank 0
[19:56:20 - main - INFO] epoch: 31, loss:  9.486e-01, time per epoch:  1.074e+01
[19:56:30 - main - INFO] epoch: 32, loss:  9.483e-01, time per epoch:  1.058e+01
[19:56:42 - main - INFO] epoch: 33, loss:  9.480e-01, time per epoch:  1.126e+01
[19:56:52 - main - INFO] epoch: 34, loss:  9.482e-01, time per epoch:  1.043e+01
[19:57:03 - main - INFO] epoch: 35, loss:  9.477e-01, time per epoch:  1.107e+01
[19:57:15 - main - INFO] epoch: 36, loss:  9.493e-01, time per epoch:  1.182e+01
[19:57:26 - main - INFO] epoch: 37, loss:  9.482e-01, time per epoch:  1.105e+01
[19:57:38 - main - INFO] epoch: 38, loss:  9.470e-01, time per epoch:  1.139e+01
[19:57:49 - main - INFO] epoch: 39, loss:  9.463e-01, time per epoch:  1.152e+01
[19:58:00 - main - INFO] epoch: 40, loss:  9.457e-01, time per epoch:  1.080e+01
[19:58:00 - main - INFO] Saved model on rank 0
[19:58:11 - main - INFO] epoch: 41, loss:  9.452e-01, time per epoch:  1.071e+01
[19:58:22 - main - INFO] epoch: 42, loss:  9.446e-01, time per epoch:  1.126e+01
[19:58:32 - main - INFO] epoch: 43, loss:  9.443e-01, time per epoch:  1.018e+01
[19:58:43 - main - INFO] epoch: 44, loss:  9.439e-01, time per epoch:  1.105e+01
[19:58:54 - main - INFO] epoch: 45, loss:  9.435e-01, time per epoch:  1.063e+01
[19:59:05 - main - INFO] epoch: 46, loss:  9.431e-01, time per epoch:  1.096e+01
[19:59:16 - main - INFO] epoch: 47, loss:  9.427e-01, time per epoch:  1.085e+01
[19:59:28 - main - INFO] epoch: 48, loss:  9.422e-01, time per epoch:  1.149e+01
[19:59:39 - main - INFO] epoch: 49, loss:  9.418e-01, time per epoch:  1.099e+01
[19:59:49 - main - INFO] epoch: 50, loss:  9.413e-01, time per epoch:  1.050e+01
[19:59:49 - main - INFO] Saved model on rank 0
[20:00:00 - main - INFO] epoch: 51, loss:  9.412e-01, time per epoch:  1.067e+01
[20:00:11 - main - INFO] epoch: 52, loss:  9.407e-01, time per epoch:  1.090e+01
[20:00:21 - main - INFO] epoch: 53, loss:  9.403e-01, time per epoch:  1.065e+01
[20:00:32 - main - INFO] epoch: 54, loss:  9.397e-01, time per epoch:  1.098e+01
[20:00:43 - main - INFO] epoch: 55, loss:  9.391e-01, time per epoch:  1.104e+01
[20:00:54 - main - INFO] epoch: 56, loss:  9.385e-01, time per epoch:  1.092e+01
[20:01:05 - main - INFO] epoch: 57, loss:  9.379e-01, time per epoch:  1.067e+01
[20:01:16 - main - INFO] epoch: 58, loss:  9.374e-01, time per epoch:  1.079e+01
[20:01:27 - main - INFO] epoch: 59, loss:  9.394e-01, time per epoch:  1.149e+01
[20:01:39 - main - INFO] epoch: 60, loss:  9.366e-01, time per epoch:  1.154e+01
[20:01:39 - main - INFO] Saved model on rank 0
[20:01:50 - main - INFO] epoch: 61, loss:  9.351e-01, time per epoch:  1.103e+01
[20:02:02 - main - INFO] epoch: 62, loss:  9.346e-01, time per epoch:  1.149e+01
[20:02:13 - main - INFO] epoch: 63, loss:  9.333e-01, time per epoch:  1.121e+01
[20:02:24 - main - INFO] epoch: 64, loss:  9.328e-01, time per epoch:  1.085e+01
[20:02:35 - main - INFO] epoch: 65, loss:  9.320e-01, time per epoch:  1.130e+01
[20:02:46 - main - INFO] epoch: 66, loss:  9.314e-01, time per epoch:  1.072e+01
[20:02:57 - main - INFO] epoch: 67, loss:  9.309e-01, time per epoch:  1.111e+01
[20:03:08 - main - INFO] epoch: 68, loss:  9.303e-01, time per epoch:  1.118e+01
[20:03:19 - main - INFO] epoch: 69, loss:  9.298e-01, time per epoch:  1.114e+01
[20:03:30 - main - INFO] epoch: 70, loss:  9.293e-01, time per epoch:  1.085e+01
[20:03:30 - main - INFO] Saved model on rank 0
[20:03:42 - main - INFO] epoch: 71, loss:  9.282e-01, time per epoch:  1.173e+01
[20:03:53 - main - INFO] epoch: 72, loss:  9.285e-01, time per epoch:  1.121e+01
[20:04:05 - main - INFO] epoch: 73, loss:  9.281e-01, time per epoch:  1.134e+01
[20:04:15 - main - INFO] epoch: 74, loss:  9.278e-01, time per epoch:  1.049e+01
[20:04:27 - main - INFO] epoch: 75, loss:  9.273e-01, time per epoch:  1.126e+01
[20:04:37 - main - INFO] epoch: 76, loss:  9.270e-01, time per epoch:  1.061e+01
[20:04:48 - main - INFO] epoch: 77, loss:  9.266e-01, time per epoch:  1.104e+01
[20:05:00 - main - INFO] epoch: 78, loss:  9.262e-01, time per epoch:  1.168e+01
[20:05:11 - main - INFO] epoch: 79, loss:  9.259e-01, time per epoch:  1.121e+01
[20:05:22 - main - INFO] epoch: 80, loss:  9.255e-01, time per epoch:  1.061e+01
[20:05:22 - main - INFO] Saved model on rank 0
[20:05:33 - main - INFO] epoch: 81, loss:  9.252e-01, time per epoch:  1.097e+01
[20:05:44 - main - INFO] epoch: 82, loss:  9.249e-01, time per epoch:  1.088e+01
[20:05:56 - main - INFO] epoch: 83, loss:  9.246e-01, time per epoch:  1.184e+01
[20:06:07 - main - INFO] epoch: 84, loss:  9.244e-01, time per epoch:  1.174e+01
[20:06:18 - main - INFO] epoch: 85, loss:  9.242e-01, time per epoch:  1.091e+01
[20:06:29 - main - INFO] epoch: 86, loss:  9.240e-01, time per epoch:  1.107e+01
[20:06:41 - main - INFO] epoch: 87, loss:  9.241e-01, time per epoch:  1.111e+01
[20:06:51 - main - INFO] epoch: 88, loss:  9.243e-01, time per epoch:  1.086e+01
[20:07:03 - main - INFO] epoch: 89, loss:  9.239e-01, time per epoch:  1.125e+01
[20:07:14 - main - INFO] epoch: 90, loss:  9.235e-01, time per epoch:  1.119e+01
[20:07:14 - main - INFO] Saved model on rank 0
[20:07:25 - main - INFO] epoch: 91, loss:  9.233e-01, time per epoch:  1.039e+01
[20:07:36 - main - INFO] epoch: 92, loss:  9.230e-01, time per epoch:  1.098e+01
[20:07:47 - main - INFO] epoch: 93, loss:  9.227e-01, time per epoch:  1.127e+01
[20:07:58 - main - INFO] epoch: 94, loss:  9.225e-01, time per epoch:  1.151e+01
[20:08:10 - main - INFO] epoch: 95, loss:  9.222e-01, time per epoch:  1.167e+01
[20:08:22 - main - INFO] epoch: 96, loss:  9.220e-01, time per epoch:  1.153e+01
[20:08:33 - main - INFO] epoch: 97, loss:  9.218e-01, time per epoch:  1.164e+01
[20:08:45 - main - INFO] epoch: 98, loss:  9.216e-01, time per epoch:  1.154e+01
[20:08:56 - main - INFO] epoch: 99, loss:  9.214e-01, time per epoch:  1.110e+01
[20:09:07 - main - INFO] epoch: 100, loss:  9.212e-01, time per epoch:  1.140e+01
[20:09:07 - main - INFO] Saved model on rank 0
[20:09:19 - main - INFO] epoch: 101, loss:  9.210e-01, time per epoch:  1.114e+01
[20:09:29 - main - INFO] epoch: 102, loss:  9.209e-01, time per epoch:  1.079e+01
[20:09:40 - main - INFO] epoch: 103, loss:  9.207e-01, time per epoch:  1.097e+01
[20:09:51 - main - INFO] epoch: 104, loss:  9.205e-01, time per epoch:  1.085e+01
[20:10:02 - main - INFO] epoch: 105, loss:  9.203e-01, time per epoch:  1.092e+01
[20:10:14 - main - INFO] epoch: 106, loss:  9.201e-01, time per epoch:  1.122e+01
[20:10:25 - main - INFO] epoch: 107, loss:  9.197e-01, time per epoch:  1.155e+01
[20:10:36 - main - INFO] epoch: 108, loss:  9.197e-01, time per epoch:  1.088e+01
[20:10:47 - main - INFO] epoch: 109, loss:  9.195e-01, time per epoch:  1.099e+01
[20:10:57 - main - INFO] epoch: 110, loss:  9.194e-01, time per epoch:  1.041e+01
[20:10:58 - main - INFO] Saved model on rank 0
[20:11:08 - main - INFO] epoch: 111, loss:  9.192e-01, time per epoch:  1.002e+01
[20:11:19 - main - INFO] epoch: 112, loss:  9.191e-01, time per epoch:  1.109e+01
[20:11:30 - main - INFO] epoch: 113, loss:  9.189e-01, time per epoch:  1.157e+01
[20:11:41 - main - INFO] epoch: 114, loss:  9.188e-01, time per epoch:  1.094e+01
[20:11:52 - main - INFO] epoch: 115, loss:  9.186e-01, time per epoch:  1.101e+01
[20:12:04 - main - INFO] epoch: 116, loss:  9.185e-01, time per epoch:  1.123e+01
[20:12:14 - main - INFO] epoch: 117, loss:  9.184e-01, time per epoch:  1.091e+01
[20:12:26 - main - INFO] epoch: 118, loss:  9.182e-01, time per epoch:  1.159e+01
[20:12:38 - main - INFO] epoch: 119, loss:  9.181e-01, time per epoch:  1.195e+01
[20:12:50 - main - INFO] epoch: 120, loss:  9.180e-01, time per epoch:  1.208e+01
[20:12:50 - main - INFO] Saved model on rank 0
[20:13:01 - main - INFO] epoch: 121, loss:  9.179e-01, time per epoch:  1.065e+01
[20:13:12 - main - INFO] epoch: 122, loss:  9.178e-01, time per epoch:  1.121e+01
[20:13:24 - main - INFO] epoch: 123, loss:  9.177e-01, time per epoch:  1.115e+01
[20:13:35 - main - INFO] epoch: 124, loss:  9.176e-01, time per epoch:  1.107e+01
[20:13:46 - main - INFO] epoch: 125, loss:  9.175e-01, time per epoch:  1.114e+01
[20:13:57 - main - INFO] epoch: 126, loss:  9.174e-01, time per epoch:  1.092e+01
[20:14:08 - main - INFO] epoch: 127, loss:  9.174e-01, time per epoch:  1.121e+01
[20:14:19 - main - INFO] epoch: 128, loss:  9.173e-01, time per epoch:  1.136e+01
[20:14:31 - main - INFO] epoch: 129, loss:  9.172e-01, time per epoch:  1.118e+01
[20:14:42 - main - INFO] epoch: 130, loss:  9.171e-01, time per epoch:  1.122e+01
[20:14:42 - main - INFO] Saved model on rank 0
[20:14:54 - main - INFO] epoch: 131, loss:  9.171e-01, time per epoch:  1.181e+01
[20:15:05 - main - INFO] epoch: 132, loss:  9.170e-01, time per epoch:  1.135e+01
[20:15:16 - main - INFO] epoch: 133, loss:  9.170e-01, time per epoch:  1.066e+01
[20:15:27 - main - INFO] epoch: 134, loss:  9.169e-01, time per epoch:  1.139e+01
[20:15:38 - main - INFO] epoch: 135, loss:  9.168e-01, time per epoch:  1.116e+01
[20:15:49 - main - INFO] epoch: 136, loss:  9.167e-01, time per epoch:  1.104e+01
[20:16:00 - main - INFO] epoch: 137, loss:  9.167e-01, time per epoch:  1.086e+01
[20:16:11 - main - INFO] epoch: 138, loss:  9.166e-01, time per epoch:  1.112e+01
[20:16:23 - main - INFO] epoch: 139, loss:  9.166e-01, time per epoch:  1.124e+01
[20:16:33 - main - INFO] epoch: 140, loss:  9.165e-01, time per epoch:  1.058e+01
[20:16:33 - main - INFO] Saved model on rank 0
[20:16:44 - main - INFO] epoch: 141, loss:  9.164e-01, time per epoch:  1.069e+01
[20:16:56 - main - INFO] epoch: 142, loss:  9.164e-01, time per epoch:  1.158e+01
[20:17:07 - main - INFO] epoch: 143, loss:  9.167e-01, time per epoch:  1.143e+01
[20:17:18 - main - INFO] epoch: 144, loss:  9.164e-01, time per epoch:  1.117e+01
[20:17:30 - main - INFO] epoch: 145, loss:  9.163e-01, time per epoch:  1.135e+01
[20:17:41 - main - INFO] epoch: 146, loss:  9.162e-01, time per epoch:  1.111e+01
[20:17:52 - main - INFO] epoch: 147, loss:  9.161e-01, time per epoch:  1.107e+01
[20:18:03 - main - INFO] epoch: 148, loss:  9.161e-01, time per epoch:  1.148e+01
[20:18:15 - main - INFO] epoch: 149, loss:  9.160e-01, time per epoch:  1.148e+01
[20:18:26 - main - INFO] epoch: 150, loss:  9.160e-01, time per epoch:  1.146e+01
[20:18:27 - main - INFO] Saved model on rank 0
[20:18:38 - main - INFO] epoch: 151, loss:  9.159e-01, time per epoch:  1.099e+01
[20:18:49 - main - INFO] epoch: 152, loss:  9.159e-01, time per epoch:  1.089e+01
[20:18:59 - main - INFO] epoch: 153, loss:  9.158e-01, time per epoch:  1.089e+01
[20:19:11 - main - INFO] epoch: 154, loss:  9.158e-01, time per epoch:  1.127e+01
[20:19:23 - main - INFO] epoch: 155, loss:  9.157e-01, time per epoch:  1.182e+01
[20:19:34 - main - INFO] epoch: 156, loss:  9.157e-01, time per epoch:  1.163e+01
[20:19:45 - main - INFO] epoch: 157, loss:  9.156e-01, time per epoch:  1.061e+01
[20:19:55 - main - INFO] epoch: 158, loss:  9.156e-01, time per epoch:  1.053e+01
[20:20:07 - main - INFO] epoch: 159, loss:  9.156e-01, time per epoch:  1.110e+01
[20:20:18 - main - INFO] epoch: 160, loss:  9.155e-01, time per epoch:  1.138e+01
[20:20:18 - main - INFO] Saved model on rank 0
[20:20:29 - main - INFO] epoch: 161, loss:  9.155e-01, time per epoch:  1.128e+01
[20:20:40 - main - INFO] epoch: 162, loss:  9.155e-01, time per epoch:  1.101e+01
[20:20:51 - main - INFO] epoch: 163, loss:  9.154e-01, time per epoch:  1.076e+01
[20:21:02 - main - INFO] epoch: 164, loss:  9.154e-01, time per epoch:  1.078e+01
[20:21:13 - main - INFO] epoch: 165, loss:  9.154e-01, time per epoch:  1.071e+01
[20:21:25 - main - INFO] epoch: 166, loss:  9.154e-01, time per epoch:  1.189e+01
[20:21:37 - main - INFO] epoch: 167, loss:  9.153e-01, time per epoch:  1.236e+01
[20:21:49 - main - INFO] epoch: 168, loss:  9.153e-01, time per epoch:  1.187e+01
[20:22:00 - main - INFO] epoch: 169, loss:  9.153e-01, time per epoch:  1.099e+01
[20:22:11 - main - INFO] epoch: 170, loss:  9.153e-01, time per epoch:  1.116e+01
[20:22:11 - main - INFO] Saved model on rank 0
[20:22:22 - main - INFO] epoch: 171, loss:  9.153e-01, time per epoch:  1.103e+01
[20:22:33 - main - INFO] epoch: 172, loss:  9.152e-01, time per epoch:  1.035e+01
[20:22:43 - main - INFO] epoch: 173, loss:  9.152e-01, time per epoch:  1.058e+01
[20:22:54 - main - INFO] epoch: 174, loss:  9.152e-01, time per epoch:  1.075e+01
[20:23:05 - main - INFO] epoch: 175, loss:  9.152e-01, time per epoch:  1.059e+01
[20:23:16 - main - INFO] epoch: 176, loss:  9.152e-01, time per epoch:  1.119e+01
[20:23:27 - main - INFO] epoch: 177, loss:  9.152e-01, time per epoch:  1.077e+01
[20:23:38 - main - INFO] epoch: 178, loss:  9.152e-01, time per epoch:  1.095e+01
[20:23:49 - main - INFO] epoch: 179, loss:  9.152e-01, time per epoch:  1.167e+01
[20:24:00 - main - INFO] epoch: 180, loss:  9.152e-01, time per epoch:  1.065e+01
[20:24:00 - main - INFO] Saved model on rank 0
[20:24:12 - main - INFO] epoch: 181, loss:  9.152e-01, time per epoch:  1.171e+01
[20:24:22 - main - INFO] epoch: 182, loss:  9.151e-01, time per epoch:  1.049e+01
[20:24:33 - main - INFO] epoch: 183, loss:  9.151e-01, time per epoch:  1.054e+01
[20:24:44 - main - INFO] epoch: 184, loss:  9.151e-01, time per epoch:  1.148e+01
[20:24:56 - main - INFO] epoch: 185, loss:  9.151e-01, time per epoch:  1.117e+01
[20:25:07 - main - INFO] epoch: 186, loss:  9.151e-01, time per epoch:  1.121e+01
[20:25:18 - main - INFO] epoch: 187, loss:  9.150e-01, time per epoch:  1.101e+01
[20:25:29 - main - INFO] epoch: 188, loss:  9.150e-01, time per epoch:  1.092e+01
[20:25:40 - main - INFO] epoch: 189, loss:  9.150e-01, time per epoch:  1.124e+01
[20:25:52 - main - INFO] epoch: 190, loss:  9.150e-01, time per epoch:  1.187e+01
[20:25:52 - main - INFO] Saved model on rank 0
[20:26:03 - main - INFO] epoch: 191, loss:  9.149e-01, time per epoch:  1.112e+01
[20:26:14 - main - INFO] epoch: 192, loss:  9.149e-01, time per epoch:  1.060e+01
[20:26:25 - main - INFO] epoch: 193, loss:  9.149e-01, time per epoch:  1.116e+01
[20:26:36 - main - INFO] epoch: 194, loss:  9.148e-01, time per epoch:  1.138e+01
[20:26:47 - main - INFO] epoch: 195, loss:  9.148e-01, time per epoch:  1.098e+01
[20:26:58 - main - INFO] epoch: 196, loss:  9.148e-01, time per epoch:  1.084e+01
[20:27:09 - main - INFO] epoch: 197, loss:  9.148e-01, time per epoch:  1.104e+01
[20:27:21 - main - INFO] epoch: 198, loss:  9.147e-01, time per epoch:  1.124e+01
[20:27:32 - main - INFO] epoch: 199, loss:  9.147e-01, time per epoch:  1.121e+01
[20:27:44 - main - INFO] epoch: 200, loss:  9.147e-01, time per epoch:  1.169e+01
[20:27:44 - main - INFO] Saved model on rank 0
[20:27:54 - main - INFO] epoch: 201, loss:  9.147e-01, time per epoch:  1.040e+01
[20:28:05 - main - INFO] epoch: 202, loss:  9.146e-01, time per epoch:  1.119e+01
[20:28:17 - main - INFO] epoch: 203, loss:  9.146e-01, time per epoch:  1.142e+01
[20:28:28 - main - INFO] epoch: 204, loss:  9.146e-01, time per epoch:  1.097e+01
[20:28:38 - main - INFO] epoch: 205, loss:  9.146e-01, time per epoch:  1.052e+01
[20:28:49 - main - INFO] epoch: 206, loss:  9.146e-01, time per epoch:  1.114e+01
[20:29:01 - main - INFO] epoch: 207, loss:  9.146e-01, time per epoch:  1.137e+01
[20:29:12 - main - INFO] epoch: 208, loss:  9.145e-01, time per epoch:  1.125e+01
[20:29:23 - main - INFO] epoch: 209, loss:  9.145e-01, time per epoch:  1.052e+01
[20:29:34 - main - INFO] epoch: 210, loss:  9.145e-01, time per epoch:  1.098e+01
[20:29:34 - main - INFO] Saved model on rank 0
[20:29:44 - main - INFO] epoch: 211, loss:  9.145e-01, time per epoch:  1.028e+01
[20:29:55 - main - INFO] epoch: 212, loss:  9.145e-01, time per epoch:  1.072e+01
[20:30:06 - main - INFO] epoch: 213, loss:  9.145e-01, time per epoch:  1.135e+01
[20:30:17 - main - INFO] epoch: 214, loss:  9.145e-01, time per epoch:  1.091e+01
[20:30:29 - main - INFO] epoch: 215, loss:  9.145e-01, time per epoch:  1.156e+01
[20:30:40 - main - INFO] epoch: 216, loss:  9.144e-01, time per epoch:  1.095e+01
[20:30:51 - main - INFO] epoch: 217, loss:  9.144e-01, time per epoch:  1.141e+01
[20:31:03 - main - INFO] epoch: 218, loss:  9.144e-01, time per epoch:  1.152e+01
[20:31:14 - main - INFO] epoch: 219, loss:  9.144e-01, time per epoch:  1.081e+01
[20:31:25 - main - INFO] epoch: 220, loss:  9.144e-01, time per epoch:  1.154e+01
[20:31:25 - main - INFO] Saved model on rank 0
[20:31:36 - main - INFO] epoch: 221, loss:  9.144e-01, time per epoch:  1.055e+01
[20:31:47 - main - INFO] epoch: 222, loss:  9.144e-01, time per epoch:  1.085e+01
[20:31:57 - main - INFO] epoch: 223, loss:  9.144e-01, time per epoch:  1.068e+01
[20:32:08 - main - INFO] epoch: 224, loss:  9.144e-01, time per epoch:  1.111e+01
[20:32:20 - main - INFO] epoch: 225, loss:  9.143e-01, time per epoch:  1.121e+01
[20:32:32 - main - INFO] epoch: 226, loss:  9.143e-01, time per epoch:  1.250e+01
[20:32:44 - main - INFO] epoch: 227, loss:  9.143e-01, time per epoch:  1.182e+01
[20:32:55 - main - INFO] epoch: 228, loss:  9.143e-01, time per epoch:  1.073e+01
[20:33:06 - main - INFO] epoch: 229, loss:  9.143e-01, time per epoch:  1.105e+01
[20:33:17 - main - INFO] epoch: 230, loss:  9.143e-01, time per epoch:  1.103e+01
[20:33:17 - main - INFO] Saved model on rank 0
[20:33:28 - main - INFO] epoch: 231, loss:  9.143e-01, time per epoch:  1.107e+01
[20:33:39 - main - INFO] epoch: 232, loss:  9.143e-01, time per epoch:  1.126e+01
[20:33:51 - main - INFO] epoch: 233, loss:  9.143e-01, time per epoch:  1.135e+01
[20:34:02 - main - INFO] epoch: 234, loss:  9.143e-01, time per epoch:  1.120e+01
[20:34:13 - main - INFO] epoch: 235, loss:  9.143e-01, time per epoch:  1.118e+01
[20:34:24 - main - INFO] epoch: 236, loss:  9.143e-01, time per epoch:  1.084e+01
[20:34:36 - main - INFO] epoch: 237, loss:  9.143e-01, time per epoch:  1.161e+01
[20:34:47 - main - INFO] epoch: 238, loss:  9.143e-01, time per epoch:  1.081e+01
[20:34:58 - main - INFO] epoch: 239, loss:  9.143e-01, time per epoch:  1.169e+01
[20:35:09 - main - INFO] epoch: 240, loss:  9.143e-01, time per epoch:  1.110e+01
[20:35:09 - main - INFO] Saved model on rank 0
[20:35:20 - main - INFO] epoch: 241, loss:  9.143e-01, time per epoch:  1.082e+01
[20:35:32 - main - INFO] epoch: 242, loss:  9.143e-01, time per epoch:  1.120e+01
[20:35:42 - main - INFO] epoch: 243, loss:  9.142e-01, time per epoch:  1.057e+01
[20:35:53 - main - INFO] epoch: 244, loss:  9.142e-01, time per epoch:  1.082e+01
[20:36:04 - main - INFO] epoch: 245, loss:  9.142e-01, time per epoch:  1.143e+01
[20:36:16 - main - INFO] epoch: 246, loss:  9.142e-01, time per epoch:  1.138e+01
[20:36:27 - main - INFO] epoch: 247, loss:  9.142e-01, time per epoch:  1.091e+01
[20:36:38 - main - INFO] epoch: 248, loss:  9.142e-01, time per epoch:  1.087e+01
[20:36:49 - main - INFO] epoch: 249, loss:  9.142e-01, time per epoch:  1.170e+01
[20:37:01 - main - INFO] epoch: 250, loss:  9.142e-01, time per epoch:  1.156e+01
[20:37:01 - main - INFO] Saved model on rank 0
[20:37:12 - main - INFO] epoch: 251, loss:  9.142e-01, time per epoch:  1.104e+01
[20:37:22 - main - INFO] epoch: 252, loss:  9.142e-01, time per epoch:  1.036e+01
[20:37:33 - main - INFO] epoch: 253, loss:  9.142e-01, time per epoch:  1.095e+01
[20:37:45 - main - INFO] epoch: 254, loss:  9.142e-01, time per epoch:  1.112e+01
[20:37:56 - main - INFO] epoch: 255, loss:  9.142e-01, time per epoch:  1.100e+01
[20:38:07 - main - INFO] epoch: 256, loss:  9.142e-01, time per epoch:  1.129e+01
[20:38:18 - main - INFO] epoch: 257, loss:  9.142e-01, time per epoch:  1.104e+01
[20:38:29 - main - INFO] epoch: 258, loss:  9.142e-01, time per epoch:  1.103e+01
[20:38:41 - main - INFO] epoch: 259, loss:  9.142e-01, time per epoch:  1.157e+01
[20:38:52 - main - INFO] epoch: 260, loss:  9.142e-01, time per epoch:  1.102e+01
[20:38:52 - main - INFO] Saved model on rank 0
[20:39:03 - main - INFO] epoch: 261, loss:  9.142e-01, time per epoch:  1.095e+01
[20:39:14 - main - INFO] epoch: 262, loss:  9.142e-01, time per epoch:  1.129e+01
[20:39:26 - main - INFO] epoch: 263, loss:  9.142e-01, time per epoch:  1.170e+01
[20:39:37 - main - INFO] epoch: 264, loss:  9.142e-01, time per epoch:  1.130e+01
[20:39:49 - main - INFO] epoch: 265, loss:  9.142e-01, time per epoch:  1.152e+01
[20:40:00 - main - INFO] epoch: 266, loss:  9.142e-01, time per epoch:  1.137e+01
[20:40:12 - main - INFO] epoch: 267, loss:  9.142e-01, time per epoch:  1.141e+01
[20:40:23 - main - INFO] epoch: 268, loss:  9.142e-01, time per epoch:  1.148e+01
[20:40:34 - main - INFO] epoch: 269, loss:  9.142e-01, time per epoch:  1.087e+01
[20:40:45 - main - INFO] epoch: 270, loss:  9.142e-01, time per epoch:  1.105e+01
[20:40:45 - main - INFO] Saved model on rank 0
[20:40:56 - main - INFO] epoch: 271, loss:  9.142e-01, time per epoch:  1.109e+01
[20:41:08 - main - INFO] epoch: 272, loss:  9.142e-01, time per epoch:  1.117e+01
[20:41:19 - main - INFO] epoch: 273, loss:  9.142e-01, time per epoch:  1.147e+01
[20:41:31 - main - INFO] epoch: 274, loss:  9.142e-01, time per epoch:  1.217e+01
[20:41:42 - main - INFO] epoch: 275, loss:  9.142e-01, time per epoch:  1.086e+01
[20:41:53 - main - INFO] epoch: 276, loss:  9.142e-01, time per epoch:  1.052e+01
[20:42:04 - main - INFO] epoch: 277, loss:  9.142e-01, time per epoch:  1.094e+01
[20:42:15 - main - INFO] epoch: 278, loss:  9.142e-01, time per epoch:  1.142e+01
[20:42:26 - main - INFO] epoch: 279, loss:  9.142e-01, time per epoch:  1.054e+01
[20:42:37 - main - INFO] epoch: 280, loss:  9.142e-01, time per epoch:  1.136e+01
[20:42:37 - main - INFO] Saved model on rank 0
[20:42:48 - main - INFO] epoch: 281, loss:  9.142e-01, time per epoch:  1.086e+01
[20:43:00 - main - INFO] epoch: 282, loss:  9.142e-01, time per epoch:  1.152e+01
[20:43:11 - main - INFO] epoch: 283, loss:  9.142e-01, time per epoch:  1.100e+01
[20:43:21 - main - INFO] epoch: 284, loss:  9.142e-01, time per epoch:  1.002e+01
[20:43:32 - main - INFO] epoch: 285, loss:  9.141e-01, time per epoch:  1.091e+01
[20:43:43 - main - INFO] epoch: 286, loss:  9.141e-01, time per epoch:  1.175e+01
[20:43:54 - main - INFO] epoch: 287, loss:  9.141e-01, time per epoch:  1.094e+01
[20:44:05 - main - INFO] epoch: 288, loss:  9.141e-01, time per epoch:  1.101e+01
[20:44:16 - main - INFO] epoch: 289, loss:  9.141e-01, time per epoch:  1.101e+01
[20:44:27 - main - INFO] epoch: 290, loss:  9.141e-01, time per epoch:  1.076e+01
[20:44:27 - main - INFO] Saved model on rank 0
[20:44:38 - main - INFO] epoch: 291, loss:  9.141e-01, time per epoch:  1.076e+01
[20:44:49 - main - INFO] epoch: 292, loss:  9.141e-01, time per epoch:  1.123e+01
[20:45:01 - main - INFO] epoch: 293, loss:  9.141e-01, time per epoch:  1.141e+01
[20:45:12 - main - INFO] epoch: 294, loss:  9.141e-01, time per epoch:  1.151e+01
[20:45:22 - main - INFO] epoch: 295, loss:  9.141e-01, time per epoch:  1.027e+01
[20:45:33 - main - INFO] epoch: 296, loss:  9.141e-01, time per epoch:  1.033e+01
[20:45:45 - main - INFO] epoch: 297, loss:  9.141e-01, time per epoch:  1.187e+01
[20:45:56 - main - INFO] epoch: 298, loss:  9.141e-01, time per epoch:  1.118e+01
[20:46:07 - main - INFO] epoch: 299, loss:  9.141e-01, time per epoch:  1.138e+01
[20:46:18 - main - INFO] epoch: 300, loss:  9.141e-01, time per epoch:  1.075e+01
[20:46:18 - main - INFO] Saved model on rank 0
[20:46:29 - main - INFO] epoch: 301, loss:  9.141e-01, time per epoch:  1.123e+01
[20:46:41 - main - INFO] epoch: 302, loss:  9.141e-01, time per epoch:  1.114e+01
[20:46:51 - main - INFO] epoch: 303, loss:  9.141e-01, time per epoch:  1.058e+01
[20:47:02 - main - INFO] epoch: 304, loss:  9.141e-01, time per epoch:  1.119e+01
[20:47:14 - main - INFO] epoch: 305, loss:  9.141e-01, time per epoch:  1.129e+01
[20:47:25 - main - INFO] epoch: 306, loss:  9.141e-01, time per epoch:  1.124e+01
[20:47:37 - main - INFO] epoch: 307, loss:  9.141e-01, time per epoch:  1.148e+01
[20:47:47 - main - INFO] epoch: 308, loss:  9.141e-01, time per epoch:  1.089e+01
[20:47:59 - main - INFO] epoch: 309, loss:  9.141e-01, time per epoch:  1.145e+01
[20:48:11 - main - INFO] epoch: 310, loss:  9.141e-01, time per epoch:  1.165e+01
[20:48:11 - main - INFO] Saved model on rank 0
[20:48:22 - main - INFO] epoch: 311, loss:  9.141e-01, time per epoch:  1.175e+01
[20:48:34 - main - INFO] epoch: 312, loss:  9.141e-01, time per epoch:  1.113e+01
[20:48:44 - main - INFO] epoch: 313, loss:  9.141e-01, time per epoch:  1.086e+01
[20:48:56 - main - INFO] epoch: 314, loss:  9.141e-01, time per epoch:  1.192e+01
[20:49:08 - main - INFO] epoch: 315, loss:  9.141e-01, time per epoch:  1.150e+01
[20:49:19 - main - INFO] epoch: 316, loss:  9.141e-01, time per epoch:  1.128e+01
[20:49:30 - main - INFO] epoch: 317, loss:  9.141e-01, time per epoch:  1.100e+01
[20:49:41 - main - INFO] epoch: 318, loss:  9.141e-01, time per epoch:  1.082e+01
[20:49:53 - main - INFO] epoch: 319, loss:  9.141e-01, time per epoch:  1.169e+01
[20:50:04 - main - INFO] epoch: 320, loss:  9.141e-01, time per epoch:  1.113e+01
[20:50:04 - main - INFO] Saved model on rank 0
[20:50:16 - main - INFO] epoch: 321, loss:  9.141e-01, time per epoch:  1.213e+01
[20:50:28 - main - INFO] epoch: 322, loss:  9.141e-01, time per epoch:  1.178e+01
[20:50:39 - main - INFO] epoch: 323, loss:  9.141e-01, time per epoch:  1.090e+01
[20:50:50 - main - INFO] epoch: 324, loss:  9.141e-01, time per epoch:  1.103e+01
[20:51:00 - main - INFO] epoch: 325, loss:  9.141e-01, time per epoch:  9.953e+00
[20:51:11 - main - INFO] epoch: 326, loss:  9.141e-01, time per epoch:  1.130e+01
[20:51:23 - main - INFO] epoch: 327, loss:  9.141e-01, time per epoch:  1.138e+01
[20:51:33 - main - INFO] epoch: 328, loss:  9.141e-01, time per epoch:  1.055e+01
[20:51:45 - main - INFO] epoch: 329, loss:  9.141e-01, time per epoch:  1.137e+01
[20:51:56 - main - INFO] epoch: 330, loss:  9.141e-01, time per epoch:  1.095e+01
[20:51:56 - main - INFO] Saved model on rank 0
[20:52:07 - main - INFO] epoch: 331, loss:  9.141e-01, time per epoch:  1.160e+01
[20:52:19 - main - INFO] epoch: 332, loss:  9.141e-01, time per epoch:  1.140e+01
[20:52:31 - main - INFO] epoch: 333, loss:  9.141e-01, time per epoch:  1.173e+01
[20:52:42 - main - INFO] epoch: 334, loss:  9.141e-01, time per epoch:  1.096e+01
[20:52:53 - main - INFO] epoch: 335, loss:  9.141e-01, time per epoch:  1.169e+01
[20:53:05 - main - INFO] epoch: 336, loss:  9.141e-01, time per epoch:  1.151e+01
[20:53:16 - main - INFO] epoch: 337, loss:  9.141e-01, time per epoch:  1.071e+01
[20:53:27 - main - INFO] epoch: 338, loss:  9.141e-01, time per epoch:  1.129e+01
[20:53:38 - main - INFO] epoch: 339, loss:  9.141e-01, time per epoch:  1.135e+01
[20:53:49 - main - INFO] epoch: 340, loss:  9.141e-01, time per epoch:  1.088e+01
[20:53:49 - main - INFO] Saved model on rank 0
[20:54:01 - main - INFO] epoch: 341, loss:  9.141e-01, time per epoch:  1.137e+01
[20:54:12 - main - INFO] epoch: 342, loss:  9.141e-01, time per epoch:  1.107e+01
[20:54:24 - main - INFO] epoch: 343, loss:  9.141e-01, time per epoch:  1.182e+01
[20:54:34 - main - INFO] epoch: 344, loss:  9.141e-01, time per epoch:  1.084e+01
[20:54:46 - main - INFO] epoch: 345, loss:  9.141e-01, time per epoch:  1.203e+01
[20:54:58 - main - INFO] epoch: 346, loss:  9.141e-01, time per epoch:  1.124e+01
[20:55:09 - main - INFO] epoch: 347, loss:  9.141e-01, time per epoch:  1.149e+01
[20:55:20 - main - INFO] epoch: 348, loss:  9.141e-01, time per epoch:  1.087e+01
[20:55:31 - main - INFO] epoch: 349, loss:  9.141e-01, time per epoch:  1.097e+01
[20:55:43 - main - INFO] epoch: 350, loss:  9.141e-01, time per epoch:  1.148e+01
[20:55:43 - main - INFO] Saved model on rank 0
[20:55:54 - main - INFO] epoch: 351, loss:  9.141e-01, time per epoch:  1.123e+01
[20:56:05 - main - INFO] epoch: 352, loss:  9.141e-01, time per epoch:  1.147e+01
[20:56:16 - main - INFO] epoch: 353, loss:  9.141e-01, time per epoch:  1.074e+01
[20:56:27 - main - INFO] epoch: 354, loss:  9.141e-01, time per epoch:  1.059e+01
[20:56:38 - main - INFO] epoch: 355, loss:  9.141e-01, time per epoch:  1.148e+01
[20:56:49 - main - INFO] epoch: 356, loss:  9.141e-01, time per epoch:  1.055e+01
[20:57:00 - main - INFO] epoch: 357, loss:  9.141e-01, time per epoch:  1.087e+01
[20:57:11 - main - INFO] epoch: 358, loss:  9.141e-01, time per epoch:  1.127e+01
[20:57:22 - main - INFO] epoch: 359, loss:  9.141e-01, time per epoch:  1.103e+01
[20:57:33 - main - INFO] epoch: 360, loss:  9.141e-01, time per epoch:  1.115e+01
[20:57:33 - main - INFO] Saved model on rank 0
[20:57:44 - main - INFO] epoch: 361, loss:  9.141e-01, time per epoch:  1.090e+01
[20:57:55 - main - INFO] epoch: 362, loss:  9.141e-01, time per epoch:  1.078e+01
[20:58:06 - main - INFO] epoch: 363, loss:  9.141e-01, time per epoch:  1.095e+01
[20:58:17 - main - INFO] epoch: 364, loss:  9.141e-01, time per epoch:  1.122e+01
[20:58:29 - main - INFO] epoch: 365, loss:  9.141e-01, time per epoch:  1.118e+01
[20:58:40 - main - INFO] epoch: 366, loss:  9.141e-01, time per epoch:  1.165e+01
[20:58:51 - main - INFO] epoch: 367, loss:  9.141e-01, time per epoch:  1.091e+01
[20:59:03 - main - INFO] epoch: 368, loss:  9.141e-01, time per epoch:  1.146e+01
[20:59:14 - main - INFO] epoch: 369, loss:  9.141e-01, time per epoch:  1.173e+01
[20:59:25 - main - INFO] epoch: 370, loss:  9.141e-01, time per epoch:  1.055e+01
[20:59:25 - main - INFO] Saved model on rank 0
[20:59:37 - main - INFO] epoch: 371, loss:  9.141e-01, time per epoch:  1.200e+01
[20:59:48 - main - INFO] epoch: 372, loss:  9.141e-01, time per epoch:  1.102e+01
[20:59:59 - main - INFO] epoch: 373, loss:  9.141e-01, time per epoch:  1.112e+01
[21:00:11 - main - INFO] epoch: 374, loss:  9.141e-01, time per epoch:  1.125e+01
[21:00:22 - main - INFO] epoch: 375, loss:  9.141e-01, time per epoch:  1.130e+01
[21:00:33 - main - INFO] epoch: 376, loss:  9.141e-01, time per epoch:  1.112e+01
[21:00:44 - main - INFO] epoch: 377, loss:  9.141e-01, time per epoch:  1.078e+01
[21:00:54 - main - INFO] epoch: 378, loss:  9.141e-01, time per epoch:  1.012e+01
[21:01:05 - main - INFO] epoch: 379, loss:  9.141e-01, time per epoch:  1.083e+01
[21:01:15 - main - INFO] epoch: 380, loss:  9.141e-01, time per epoch:  1.060e+01
[21:01:16 - main - INFO] Saved model on rank 0
[21:01:27 - main - INFO] epoch: 381, loss:  9.141e-01, time per epoch:  1.122e+01
[21:01:38 - main - INFO] epoch: 382, loss:  9.141e-01, time per epoch:  1.095e+01
[21:01:49 - main - INFO] epoch: 383, loss:  9.141e-01, time per epoch:  1.110e+01
[21:02:00 - main - INFO] epoch: 384, loss:  9.141e-01, time per epoch:  1.099e+01
[21:02:11 - main - INFO] epoch: 385, loss:  9.141e-01, time per epoch:  1.079e+01
[21:02:22 - main - INFO] epoch: 386, loss:  9.141e-01, time per epoch:  1.089e+01
[21:02:33 - main - INFO] epoch: 387, loss:  9.141e-01, time per epoch:  1.114e+01
[21:02:44 - main - INFO] epoch: 388, loss:  9.141e-01, time per epoch:  1.103e+01
[21:02:55 - main - INFO] epoch: 389, loss:  9.141e-01, time per epoch:  1.072e+01
[21:03:06 - main - INFO] epoch: 390, loss:  9.141e-01, time per epoch:  1.162e+01
[21:03:06 - main - INFO] Saved model on rank 0
[21:03:17 - main - INFO] epoch: 391, loss:  9.141e-01, time per epoch:  1.107e+01
[21:03:29 - main - INFO] epoch: 392, loss:  9.141e-01, time per epoch:  1.122e+01
[21:03:41 - main - INFO] epoch: 393, loss:  9.141e-01, time per epoch:  1.197e+01
[21:03:52 - main - INFO] epoch: 394, loss:  9.141e-01, time per epoch:  1.104e+01
[21:04:03 - main - INFO] epoch: 395, loss:  9.141e-01, time per epoch:  1.154e+01
[21:04:15 - main - INFO] epoch: 396, loss:  9.141e-01, time per epoch:  1.125e+01
[21:04:26 - main - INFO] epoch: 397, loss:  9.141e-01, time per epoch:  1.113e+01
[21:04:37 - main - INFO] epoch: 398, loss:  9.141e-01, time per epoch:  1.137e+01
[21:04:48 - main - INFO] epoch: 399, loss:  9.141e-01, time per epoch:  1.072e+01
[21:04:59 - main - INFO] epoch: 400, loss:  9.141e-01, time per epoch:  1.081e+01
[21:04:59 - main - INFO] Saved model on rank 0
[21:05:10 - main - INFO] epoch: 401, loss:  9.141e-01, time per epoch:  1.130e+01
[21:05:21 - main - INFO] epoch: 402, loss:  9.141e-01, time per epoch:  1.111e+01
[21:05:33 - main - INFO] epoch: 403, loss:  9.141e-01, time per epoch:  1.156e+01
[21:05:44 - main - INFO] epoch: 404, loss:  9.141e-01, time per epoch:  1.099e+01
[21:05:55 - main - INFO] epoch: 405, loss:  9.141e-01, time per epoch:  1.097e+01
[21:06:06 - main - INFO] epoch: 406, loss:  9.141e-01, time per epoch:  1.065e+01
[21:06:17 - main - INFO] epoch: 407, loss:  9.141e-01, time per epoch:  1.092e+01
[21:06:27 - main - INFO] epoch: 408, loss:  9.141e-01, time per epoch:  1.080e+01
[21:06:39 - main - INFO] epoch: 409, loss:  9.141e-01, time per epoch:  1.150e+01
[21:06:50 - main - INFO] epoch: 410, loss:  9.141e-01, time per epoch:  1.117e+01
[21:06:50 - main - INFO] Saved model on rank 0
[21:07:01 - main - INFO] epoch: 411, loss:  9.141e-01, time per epoch:  1.117e+01
[21:07:12 - main - INFO] epoch: 412, loss:  9.141e-01, time per epoch:  1.102e+01
[21:07:23 - main - INFO] epoch: 413, loss:  9.141e-01, time per epoch:  1.103e+01
[21:07:35 - main - INFO] epoch: 414, loss:  9.141e-01, time per epoch:  1.122e+01
[21:07:45 - main - INFO] epoch: 415, loss:  9.141e-01, time per epoch:  1.065e+01
[21:07:57 - main - INFO] epoch: 416, loss:  9.141e-01, time per epoch:  1.128e+01
[21:08:09 - main - INFO] epoch: 417, loss:  9.141e-01, time per epoch:  1.207e+01
[21:08:19 - main - INFO] epoch: 418, loss:  9.141e-01, time per epoch:  1.029e+01
[21:08:31 - main - INFO] epoch: 419, loss:  9.141e-01, time per epoch:  1.192e+01
[21:08:42 - main - INFO] epoch: 420, loss:  9.141e-01, time per epoch:  1.042e+01
[21:08:42 - main - INFO] Saved model on rank 0
[21:08:53 - main - INFO] epoch: 421, loss:  9.141e-01, time per epoch:  1.131e+01
[21:09:04 - main - INFO] epoch: 422, loss:  9.141e-01, time per epoch:  1.127e+01
[21:09:15 - main - INFO] epoch: 423, loss:  9.141e-01, time per epoch:  1.120e+01
[21:09:26 - main - INFO] epoch: 424, loss:  9.141e-01, time per epoch:  1.081e+01
[21:09:37 - main - INFO] epoch: 425, loss:  9.141e-01, time per epoch:  1.046e+01
[21:09:48 - main - INFO] epoch: 426, loss:  9.141e-01, time per epoch:  1.122e+01
[21:10:00 - main - INFO] epoch: 427, loss:  9.141e-01, time per epoch:  1.222e+01
[21:10:12 - main - INFO] epoch: 428, loss:  9.141e-01, time per epoch:  1.185e+01
[21:10:24 - main - INFO] epoch: 429, loss:  9.141e-01, time per epoch:  1.178e+01
[21:10:35 - main - INFO] epoch: 430, loss:  9.141e-01, time per epoch:  1.057e+01
[21:10:35 - main - INFO] Saved model on rank 0
[21:10:46 - main - INFO] epoch: 431, loss:  9.141e-01, time per epoch:  1.121e+01
[21:10:57 - main - INFO] epoch: 432, loss:  9.141e-01, time per epoch:  1.118e+01
[21:11:09 - main - INFO] epoch: 433, loss:  9.141e-01, time per epoch:  1.166e+01
[21:11:20 - main - INFO] epoch: 434, loss:  9.141e-01, time per epoch:  1.158e+01
[21:11:31 - main - INFO] epoch: 435, loss:  9.141e-01, time per epoch:  1.086e+01
[21:11:42 - main - INFO] epoch: 436, loss:  9.141e-01, time per epoch:  1.068e+01
[21:11:53 - main - INFO] epoch: 437, loss:  9.141e-01, time per epoch:  1.089e+01
[21:12:04 - main - INFO] epoch: 438, loss:  9.141e-01, time per epoch:  1.151e+01
[21:12:15 - main - INFO] epoch: 439, loss:  9.141e-01, time per epoch:  1.105e+01
[21:12:26 - main - INFO] epoch: 440, loss:  9.141e-01, time per epoch:  1.046e+01
[21:12:26 - main - INFO] Saved model on rank 0
[21:12:38 - main - INFO] epoch: 441, loss:  9.141e-01, time per epoch:  1.212e+01
[21:12:50 - main - INFO] epoch: 442, loss:  9.141e-01, time per epoch:  1.149e+01
[21:13:01 - main - INFO] epoch: 443, loss:  9.141e-01, time per epoch:  1.153e+01
[21:13:13 - main - INFO] epoch: 444, loss:  9.141e-01, time per epoch:  1.122e+01
[21:13:23 - main - INFO] epoch: 445, loss:  9.141e-01, time per epoch:  1.073e+01
[21:13:34 - main - INFO] epoch: 446, loss:  9.141e-01, time per epoch:  1.110e+01
[21:13:46 - main - INFO] epoch: 447, loss:  9.141e-01, time per epoch:  1.117e+01
[21:13:57 - main - INFO] epoch: 448, loss:  9.141e-01, time per epoch:  1.096e+01
[21:14:08 - main - INFO] epoch: 449, loss:  9.141e-01, time per epoch:  1.123e+01
[21:14:19 - main - INFO] epoch: 450, loss:  9.141e-01, time per epoch:  1.136e+01
[21:14:19 - main - INFO] Saved model on rank 0
[21:14:30 - main - INFO] epoch: 451, loss:  9.141e-01, time per epoch:  1.105e+01
[21:14:41 - main - INFO] epoch: 452, loss:  9.141e-01, time per epoch:  1.086e+01
[21:14:53 - main - INFO] epoch: 453, loss:  9.141e-01, time per epoch:  1.202e+01
[21:15:04 - main - INFO] epoch: 454, loss:  9.141e-01, time per epoch:  1.037e+01
[21:15:15 - main - INFO] epoch: 455, loss:  9.141e-01, time per epoch:  1.171e+01
[21:15:27 - main - INFO] epoch: 456, loss:  9.141e-01, time per epoch:  1.143e+01
[21:15:38 - main - INFO] epoch: 457, loss:  9.141e-01, time per epoch:  1.079e+01
[21:15:49 - main - INFO] epoch: 458, loss:  9.141e-01, time per epoch:  1.104e+01
[21:16:00 - main - INFO] epoch: 459, loss:  9.141e-01, time per epoch:  1.101e+01
[21:16:11 - main - INFO] epoch: 460, loss:  9.141e-01, time per epoch:  1.130e+01
[21:16:11 - main - INFO] Saved model on rank 0
[21:16:22 - main - INFO] epoch: 461, loss:  9.141e-01, time per epoch:  1.053e+01
[21:16:34 - main - INFO] epoch: 462, loss:  9.141e-01, time per epoch:  1.197e+01
[21:16:44 - main - INFO] epoch: 463, loss:  9.141e-01, time per epoch:  1.021e+01
[21:16:55 - main - INFO] epoch: 464, loss:  9.141e-01, time per epoch:  1.105e+01
[21:17:07 - main - INFO] epoch: 465, loss:  9.141e-01, time per epoch:  1.183e+01
[21:17:18 - main - INFO] epoch: 466, loss:  9.141e-01, time per epoch:  1.082e+01
[21:17:29 - main - INFO] epoch: 467, loss:  9.141e-01, time per epoch:  1.113e+01
[21:17:40 - main - INFO] epoch: 468, loss:  9.141e-01, time per epoch:  1.119e+01
[21:17:51 - main - INFO] epoch: 469, loss:  9.141e-01, time per epoch:  1.129e+01
[21:18:02 - main - INFO] epoch: 470, loss:  9.141e-01, time per epoch:  1.070e+01
[21:18:02 - main - INFO] Saved model on rank 0
[21:18:13 - main - INFO] epoch: 471, loss:  9.141e-01, time per epoch:  1.109e+01
[21:18:25 - main - INFO] epoch: 472, loss:  9.141e-01, time per epoch:  1.135e+01
[21:18:36 - main - INFO] epoch: 473, loss:  9.141e-01, time per epoch:  1.085e+01
[21:18:47 - main - INFO] epoch: 474, loss:  9.141e-01, time per epoch:  1.099e+01
[21:18:58 - main - INFO] epoch: 475, loss:  9.141e-01, time per epoch:  1.126e+01
[21:19:09 - main - INFO] epoch: 476, loss:  9.141e-01, time per epoch:  1.104e+01
[21:19:20 - main - INFO] epoch: 477, loss:  9.141e-01, time per epoch:  1.135e+01
[21:19:33 - main - INFO] epoch: 478, loss:  9.141e-01, time per epoch:  1.204e+01
[21:19:43 - main - INFO] epoch: 479, loss:  9.141e-01, time per epoch:  1.050e+01
[21:19:54 - main - INFO] epoch: 480, loss:  9.141e-01, time per epoch:  1.144e+01
[21:19:55 - main - INFO] Saved model on rank 0
[21:20:06 - main - INFO] epoch: 481, loss:  9.141e-01, time per epoch:  1.166e+01
[21:20:18 - main - INFO] epoch: 482, loss:  9.141e-01, time per epoch:  1.140e+01
[21:20:29 - main - INFO] epoch: 483, loss:  9.141e-01, time per epoch:  1.106e+01
[21:20:40 - main - INFO] epoch: 484, loss:  9.141e-01, time per epoch:  1.149e+01
[21:20:51 - main - INFO] epoch: 485, loss:  9.141e-01, time per epoch:  1.097e+01
[21:21:02 - main - INFO] epoch: 486, loss:  9.141e-01, time per epoch:  1.102e+01
[21:21:14 - main - INFO] epoch: 487, loss:  9.141e-01, time per epoch:  1.123e+01
[21:21:24 - main - INFO] epoch: 488, loss:  9.141e-01, time per epoch:  1.074e+01
[21:21:36 - main - INFO] epoch: 489, loss:  9.141e-01, time per epoch:  1.129e+01
[21:21:46 - main - INFO] epoch: 490, loss:  9.141e-01, time per epoch:  1.078e+01
[21:21:47 - main - INFO] Saved model on rank 0
[21:21:58 - main - INFO] epoch: 491, loss:  9.141e-01, time per epoch:  1.170e+01
[21:22:10 - main - INFO] epoch: 492, loss:  9.141e-01, time per epoch:  1.155e+01
[21:22:21 - main - INFO] epoch: 493, loss:  9.141e-01, time per epoch:  1.069e+01
[21:22:32 - main - INFO] epoch: 494, loss:  9.141e-01, time per epoch:  1.112e+01
[21:22:43 - main - INFO] epoch: 495, loss:  9.141e-01, time per epoch:  1.091e+01
[21:22:53 - main - INFO] epoch: 496, loss:  9.141e-01, time per epoch:  1.064e+01
[21:23:04 - main - INFO] epoch: 497, loss:  9.141e-01, time per epoch:  1.092e+01
[21:23:15 - main - INFO] epoch: 498, loss:  9.141e-01, time per epoch:  1.114e+01
[21:23:27 - main - INFO] epoch: 499, loss:  9.141e-01, time per epoch:  1.155e+01
[21:23:39 - main - INFO] epoch: 500, loss:  9.141e-01, time per epoch:  1.200e+01
[21:23:39 - main - INFO] Saved model on rank 0
[21:23:50 - main - INFO] epoch: 501, loss:  9.141e-01, time per epoch:  1.080e+01
[21:24:01 - main - INFO] epoch: 502, loss:  9.141e-01, time per epoch:  1.068e+01
[21:24:12 - main - INFO] epoch: 503, loss:  9.141e-01, time per epoch:  1.172e+01
[21:24:24 - main - INFO] epoch: 504, loss:  9.141e-01, time per epoch:  1.108e+01
[21:24:35 - main - INFO] epoch: 505, loss:  9.141e-01, time per epoch:  1.109e+01
[21:24:46 - main - INFO] epoch: 506, loss:  9.141e-01, time per epoch:  1.093e+01
[21:24:57 - main - INFO] epoch: 507, loss:  9.141e-01, time per epoch:  1.130e+01
[21:25:08 - main - INFO] epoch: 508, loss:  9.141e-01, time per epoch:  1.141e+01
[21:25:20 - main - INFO] epoch: 509, loss:  9.141e-01, time per epoch:  1.139e+01
[21:25:31 - main - INFO] epoch: 510, loss:  9.141e-01, time per epoch:  1.112e+01
[21:25:31 - main - INFO] Saved model on rank 0
[21:25:42 - main - INFO] epoch: 511, loss:  9.141e-01, time per epoch:  1.089e+01
[21:25:53 - main - INFO] epoch: 512, loss:  9.141e-01, time per epoch:  1.141e+01
[21:26:05 - main - INFO] epoch: 513, loss:  9.141e-01, time per epoch:  1.122e+01
[21:26:16 - main - INFO] epoch: 514, loss:  9.141e-01, time per epoch:  1.118e+01
[21:26:27 - main - INFO] epoch: 515, loss:  9.141e-01, time per epoch:  1.104e+01
[21:26:38 - main - INFO] epoch: 516, loss:  9.141e-01, time per epoch:  1.082e+01
[21:26:49 - main - INFO] epoch: 517, loss:  9.141e-01, time per epoch:  1.102e+01
[21:27:00 - main - INFO] epoch: 518, loss:  9.141e-01, time per epoch:  1.152e+01
[21:27:12 - main - INFO] epoch: 519, loss:  9.141e-01, time per epoch:  1.113e+01
[21:27:23 - main - INFO] epoch: 520, loss:  9.141e-01, time per epoch:  1.105e+01
[21:27:23 - main - INFO] Saved model on rank 0
[21:27:33 - main - INFO] epoch: 521, loss:  9.141e-01, time per epoch:  1.024e+01
[21:27:43 - main - INFO] epoch: 522, loss:  9.141e-01, time per epoch:  1.029e+01
[21:27:55 - main - INFO] epoch: 523, loss:  9.141e-01, time per epoch:  1.129e+01
[21:28:06 - main - INFO] epoch: 524, loss:  9.141e-01, time per epoch:  1.120e+01
[21:28:17 - main - INFO] epoch: 525, loss:  9.141e-01, time per epoch:  1.142e+01
[21:28:28 - main - INFO] epoch: 526, loss:  9.141e-01, time per epoch:  1.101e+01
[21:28:40 - main - INFO] epoch: 527, loss:  9.141e-01, time per epoch:  1.175e+01
[21:28:52 - main - INFO] epoch: 528, loss:  9.141e-01, time per epoch:  1.164e+01
[21:29:03 - main - INFO] epoch: 529, loss:  9.141e-01, time per epoch:  1.082e+01
[21:29:13 - main - INFO] epoch: 530, loss:  9.141e-01, time per epoch:  1.089e+01
[21:29:14 - main - INFO] Saved model on rank 0
[21:29:24 - main - INFO] epoch: 531, loss:  9.141e-01, time per epoch:  1.089e+01
[21:29:35 - main - INFO] epoch: 532, loss:  9.141e-01, time per epoch:  1.056e+01
[21:29:46 - main - INFO] epoch: 533, loss:  9.141e-01, time per epoch:  1.137e+01
[21:29:57 - main - INFO] epoch: 534, loss:  9.141e-01, time per epoch:  1.040e+01
[21:30:09 - main - INFO] epoch: 535, loss:  9.141e-01, time per epoch:  1.203e+01
[21:30:21 - main - INFO] epoch: 536, loss:  9.141e-01, time per epoch:  1.201e+01
[21:30:32 - main - INFO] epoch: 537, loss:  9.141e-01, time per epoch:  1.108e+01
[21:30:44 - main - INFO] epoch: 538, loss:  9.141e-01, time per epoch:  1.155e+01
[21:30:55 - main - INFO] epoch: 539, loss:  9.141e-01, time per epoch:  1.142e+01
[21:31:06 - main - INFO] epoch: 540, loss:  9.141e-01, time per epoch:  1.081e+01
[21:31:06 - main - INFO] Saved model on rank 0
[21:31:16 - main - INFO] epoch: 541, loss:  9.141e-01, time per epoch:  1.036e+01
[21:31:27 - main - INFO] epoch: 542, loss:  9.141e-01, time per epoch:  1.072e+01
[21:31:39 - main - INFO] epoch: 543, loss:  9.141e-01, time per epoch:  1.163e+01
[21:31:50 - main - INFO] epoch: 544, loss:  9.141e-01, time per epoch:  1.132e+01
[21:32:01 - main - INFO] epoch: 545, loss:  9.141e-01, time per epoch:  1.118e+01
[21:32:12 - main - INFO] epoch: 546, loss:  9.141e-01, time per epoch:  1.094e+01
[21:32:24 - main - INFO] epoch: 547, loss:  9.141e-01, time per epoch:  1.171e+01
[21:32:35 - main - INFO] epoch: 548, loss:  9.141e-01, time per epoch:  1.135e+01
[21:32:46 - main - INFO] epoch: 549, loss:  9.141e-01, time per epoch:  1.098e+01
[21:32:58 - main - INFO] epoch: 550, loss:  9.141e-01, time per epoch:  1.116e+01
[21:32:58 - main - INFO] Saved model on rank 0
[21:33:09 - main - INFO] epoch: 551, loss:  9.141e-01, time per epoch:  1.108e+01
[21:33:19 - main - INFO] epoch: 552, loss:  9.141e-01, time per epoch:  1.071e+01
[21:33:31 - main - INFO] epoch: 553, loss:  9.141e-01, time per epoch:  1.138e+01
[21:33:42 - main - INFO] epoch: 554, loss:  9.141e-01, time per epoch:  1.090e+01
[21:33:53 - main - INFO] epoch: 555, loss:  9.141e-01, time per epoch:  1.073e+01
[21:34:04 - main - INFO] epoch: 556, loss:  9.141e-01, time per epoch:  1.106e+01
[21:34:15 - main - INFO] epoch: 557, loss:  9.141e-01, time per epoch:  1.087e+01
[21:34:26 - main - INFO] epoch: 558, loss:  9.141e-01, time per epoch:  1.127e+01
[21:34:37 - main - INFO] epoch: 559, loss:  9.141e-01, time per epoch:  1.135e+01
[21:34:49 - main - INFO] epoch: 560, loss:  9.141e-01, time per epoch:  1.165e+01
[21:34:49 - main - INFO] Saved model on rank 0
[21:35:00 - main - INFO] epoch: 561, loss:  9.141e-01, time per epoch:  1.108e+01
[21:35:11 - main - INFO] epoch: 562, loss:  9.141e-01, time per epoch:  1.070e+01
[21:35:22 - main - INFO] epoch: 563, loss:  9.141e-01, time per epoch:  1.100e+01
[21:35:32 - main - INFO] epoch: 564, loss:  9.141e-01, time per epoch:  1.053e+01
[21:35:43 - main - INFO] epoch: 565, loss:  9.141e-01, time per epoch:  1.099e+01
[21:35:54 - main - INFO] epoch: 566, loss:  9.141e-01, time per epoch:  1.084e+01
[21:36:05 - main - INFO] epoch: 567, loss:  9.141e-01, time per epoch:  1.115e+01
[21:36:17 - main - INFO] epoch: 568, loss:  9.141e-01, time per epoch:  1.124e+01
[21:36:28 - main - INFO] epoch: 569, loss:  9.141e-01, time per epoch:  1.168e+01
[21:36:40 - main - INFO] epoch: 570, loss:  9.141e-01, time per epoch:  1.169e+01
[21:36:40 - main - INFO] Saved model on rank 0
[21:36:52 - main - INFO] epoch: 571, loss:  9.141e-01, time per epoch:  1.198e+01
[21:37:04 - main - INFO] epoch: 572, loss:  9.141e-01, time per epoch:  1.177e+01
[21:37:15 - main - INFO] epoch: 573, loss:  9.141e-01, time per epoch:  1.134e+01
[21:37:27 - main - INFO] epoch: 574, loss:  9.141e-01, time per epoch:  1.143e+01
[21:37:38 - main - INFO] epoch: 575, loss:  9.141e-01, time per epoch:  1.114e+01
[21:37:48 - main - INFO] epoch: 576, loss:  9.141e-01, time per epoch:  1.057e+01
[21:38:00 - main - INFO] epoch: 577, loss:  9.141e-01, time per epoch:  1.118e+01
[21:38:11 - main - INFO] epoch: 578, loss:  9.141e-01, time per epoch:  1.131e+01
[21:38:22 - main - INFO] epoch: 579, loss:  9.141e-01, time per epoch:  1.142e+01
[21:38:34 - main - INFO] epoch: 580, loss:  9.141e-01, time per epoch:  1.191e+01
[21:38:35 - main - INFO] Saved model on rank 0
[21:38:46 - main - INFO] epoch: 581, loss:  9.141e-01, time per epoch:  1.154e+01
[21:38:58 - main - INFO] epoch: 582, loss:  9.141e-01, time per epoch:  1.197e+01
[21:39:10 - main - INFO] epoch: 583, loss:  9.141e-01, time per epoch:  1.162e+01
[21:39:20 - main - INFO] epoch: 584, loss:  9.141e-01, time per epoch:  1.063e+01
[21:39:32 - main - INFO] epoch: 585, loss:  9.141e-01, time per epoch:  1.130e+01
[21:39:43 - main - INFO] epoch: 586, loss:  9.141e-01, time per epoch:  1.151e+01
[21:39:55 - main - INFO] epoch: 587, loss:  9.141e-01, time per epoch:  1.135e+01
[21:40:05 - main - INFO] epoch: 588, loss:  9.141e-01, time per epoch:  1.085e+01
[21:40:16 - main - INFO] epoch: 589, loss:  9.141e-01, time per epoch:  1.098e+01
[21:40:27 - main - INFO] epoch: 590, loss:  9.141e-01, time per epoch:  1.059e+01
[21:40:27 - main - INFO] Saved model on rank 0
[21:40:39 - main - INFO] epoch: 591, loss:  9.141e-01, time per epoch:  1.135e+01
[21:40:50 - main - INFO] epoch: 592, loss:  9.141e-01, time per epoch:  1.135e+01
[21:41:01 - main - INFO] epoch: 593, loss:  9.141e-01, time per epoch:  1.119e+01
[21:41:12 - main - INFO] epoch: 594, loss:  9.141e-01, time per epoch:  1.086e+01
[21:41:23 - main - INFO] epoch: 595, loss:  9.141e-01, time per epoch:  1.095e+01
[21:41:34 - main - INFO] epoch: 596, loss:  9.141e-01, time per epoch:  1.130e+01
[21:41:46 - main - INFO] epoch: 597, loss:  9.141e-01, time per epoch:  1.124e+01
[21:41:57 - main - INFO] epoch: 598, loss:  9.141e-01, time per epoch:  1.134e+01
[21:42:08 - main - INFO] epoch: 599, loss:  9.141e-01, time per epoch:  1.110e+01
[21:42:20 - main - INFO] epoch: 600, loss:  9.141e-01, time per epoch:  1.148e+01
[21:42:20 - main - INFO] Saved model on rank 0
[21:42:30 - main - INFO] epoch: 601, loss:  9.141e-01, time per epoch:  1.060e+01
[21:42:41 - main - INFO] epoch: 602, loss:  9.141e-01, time per epoch:  1.079e+01
[21:42:52 - main - INFO] epoch: 603, loss:  9.141e-01, time per epoch:  1.110e+01
[21:43:03 - main - INFO] epoch: 604, loss:  9.141e-01, time per epoch:  1.126e+01
[21:43:14 - main - INFO] epoch: 605, loss:  9.141e-01, time per epoch:  1.053e+01
[21:43:25 - main - INFO] epoch: 606, loss:  9.141e-01, time per epoch:  1.099e+01
[21:43:36 - main - INFO] epoch: 607, loss:  9.141e-01, time per epoch:  1.050e+01
[21:43:47 - main - INFO] epoch: 608, loss:  9.141e-01, time per epoch:  1.098e+01
[21:43:58 - main - INFO] epoch: 609, loss:  9.141e-01, time per epoch:  1.088e+01
[21:44:09 - main - INFO] epoch: 610, loss:  9.141e-01, time per epoch:  1.173e+01
[21:44:09 - main - INFO] Saved model on rank 0
[21:44:21 - main - INFO] epoch: 611, loss:  9.141e-01, time per epoch:  1.179e+01
[21:44:32 - main - INFO] epoch: 612, loss:  9.141e-01, time per epoch:  1.099e+01
[21:44:44 - main - INFO] epoch: 613, loss:  9.141e-01, time per epoch:  1.143e+01
[21:44:55 - main - INFO] epoch: 614, loss:  9.141e-01, time per epoch:  1.103e+01
[21:45:06 - main - INFO] epoch: 615, loss:  9.141e-01, time per epoch:  1.139e+01
[21:45:18 - main - INFO] epoch: 616, loss:  9.141e-01, time per epoch:  1.141e+01
[21:45:29 - main - INFO] epoch: 617, loss:  9.141e-01, time per epoch:  1.094e+01
[21:45:39 - main - INFO] epoch: 618, loss:  9.141e-01, time per epoch:  1.068e+01
[21:45:51 - main - INFO] epoch: 619, loss:  9.141e-01, time per epoch:  1.184e+01
[21:46:02 - main - INFO] epoch: 620, loss:  9.141e-01, time per epoch:  1.104e+01
[21:46:02 - main - INFO] Saved model on rank 0
[21:46:13 - main - INFO] epoch: 621, loss:  9.141e-01, time per epoch:  1.095e+01
[21:46:25 - main - INFO] epoch: 622, loss:  9.141e-01, time per epoch:  1.173e+01
[21:46:36 - main - INFO] epoch: 623, loss:  9.141e-01, time per epoch:  1.141e+01
[21:46:47 - main - INFO] epoch: 624, loss:  9.141e-01, time per epoch:  1.043e+01
[21:46:57 - main - INFO] epoch: 625, loss:  9.141e-01, time per epoch:  1.024e+01
[21:47:08 - main - INFO] epoch: 626, loss:  9.141e-01, time per epoch:  1.111e+01
[21:47:19 - main - INFO] epoch: 627, loss:  9.141e-01, time per epoch:  1.080e+01
[21:47:30 - main - INFO] epoch: 628, loss:  9.141e-01, time per epoch:  1.116e+01
[21:47:40 - main - INFO] epoch: 629, loss:  9.141e-01, time per epoch:  1.017e+01
[21:47:51 - main - INFO] epoch: 630, loss:  9.141e-01, time per epoch:  1.050e+01
[21:47:51 - main - INFO] Saved model on rank 0
[21:48:02 - main - INFO] epoch: 631, loss:  9.141e-01, time per epoch:  1.134e+01
[21:48:14 - main - INFO] epoch: 632, loss:  9.141e-01, time per epoch:  1.149e+01
[21:48:25 - main - INFO] epoch: 633, loss:  9.141e-01, time per epoch:  1.132e+01
[21:48:37 - main - INFO] epoch: 634, loss:  9.141e-01, time per epoch:  1.124e+01
[21:48:48 - main - INFO] epoch: 635, loss:  9.141e-01, time per epoch:  1.163e+01
[21:48:59 - main - INFO] epoch: 636, loss:  9.141e-01, time per epoch:  1.075e+01
[21:49:10 - main - INFO] epoch: 637, loss:  9.141e-01, time per epoch:  1.112e+01
[21:49:21 - main - INFO] epoch: 638, loss:  9.141e-01, time per epoch:  1.097e+01
[21:49:32 - main - INFO] epoch: 639, loss:  9.141e-01, time per epoch:  1.061e+01
[21:49:43 - main - INFO] epoch: 640, loss:  9.141e-01, time per epoch:  1.123e+01
[21:49:43 - main - INFO] Saved model on rank 0
[21:49:54 - main - INFO] epoch: 641, loss:  9.141e-01, time per epoch:  1.038e+01
[21:50:05 - main - INFO] epoch: 642, loss:  9.141e-01, time per epoch:  1.137e+01
[21:50:15 - main - INFO] epoch: 643, loss:  9.141e-01, time per epoch:  1.049e+01
[21:50:27 - main - INFO] epoch: 644, loss:  9.141e-01, time per epoch:  1.112e+01
[21:50:36 - main - INFO] epoch: 645, loss:  9.141e-01, time per epoch:  9.720e+00
[21:50:48 - main - INFO] epoch: 646, loss:  9.141e-01, time per epoch:  1.120e+01
[21:50:59 - main - INFO] epoch: 647, loss:  9.141e-01, time per epoch:  1.106e+01
[21:51:10 - main - INFO] epoch: 648, loss:  9.141e-01, time per epoch:  1.103e+01
[21:51:21 - main - INFO] epoch: 649, loss:  9.141e-01, time per epoch:  1.075e+01
[21:51:32 - main - INFO] epoch: 650, loss:  9.141e-01, time per epoch:  1.123e+01
[21:51:32 - main - INFO] Saved model on rank 0
[21:51:43 - main - INFO] epoch: 651, loss:  9.141e-01, time per epoch:  1.074e+01
[21:51:54 - main - INFO] epoch: 652, loss:  9.141e-01, time per epoch:  1.142e+01
[21:52:05 - main - INFO] epoch: 653, loss:  9.141e-01, time per epoch:  1.121e+01
[21:52:17 - main - INFO] epoch: 654, loss:  9.141e-01, time per epoch:  1.111e+01
[21:52:27 - main - INFO] epoch: 655, loss:  9.141e-01, time per epoch:  1.079e+01
[21:52:38 - main - INFO] epoch: 656, loss:  9.141e-01, time per epoch:  1.042e+01
[21:52:48 - main - INFO] epoch: 657, loss:  9.141e-01, time per epoch:  1.058e+01
[21:53:00 - main - INFO] epoch: 658, loss:  9.141e-01, time per epoch:  1.120e+01
[21:53:11 - main - INFO] epoch: 659, loss:  9.141e-01, time per epoch:  1.143e+01
[21:53:22 - main - INFO] epoch: 660, loss:  9.141e-01, time per epoch:  1.050e+01
[21:53:22 - main - INFO] Saved model on rank 0
[21:53:33 - main - INFO] epoch: 661, loss:  9.141e-01, time per epoch:  1.142e+01
[21:53:44 - main - INFO] epoch: 662, loss:  9.141e-01, time per epoch:  1.101e+01
[21:53:56 - main - INFO] epoch: 663, loss:  9.141e-01, time per epoch:  1.135e+01
[21:54:07 - main - INFO] epoch: 664, loss:  9.141e-01, time per epoch:  1.158e+01
[21:54:19 - main - INFO] epoch: 665, loss:  9.141e-01, time per epoch:  1.146e+01
[21:54:30 - main - INFO] epoch: 666, loss:  9.141e-01, time per epoch:  1.153e+01
[21:54:41 - main - INFO] epoch: 667, loss:  9.141e-01, time per epoch:  1.112e+01
[21:54:52 - main - INFO] epoch: 668, loss:  9.141e-01, time per epoch:  1.091e+01
[21:55:03 - main - INFO] epoch: 669, loss:  9.141e-01, time per epoch:  1.102e+01
[21:55:15 - main - INFO] epoch: 670, loss:  9.141e-01, time per epoch:  1.146e+01
[21:55:15 - main - INFO] Saved model on rank 0
[21:55:26 - main - INFO] epoch: 671, loss:  9.141e-01, time per epoch:  1.130e+01
[21:55:38 - main - INFO] epoch: 672, loss:  9.141e-01, time per epoch:  1.165e+01
[21:55:49 - main - INFO] epoch: 673, loss:  9.141e-01, time per epoch:  1.082e+01
[21:56:00 - main - INFO] epoch: 674, loss:  9.141e-01, time per epoch:  1.111e+01
[21:56:10 - main - INFO] epoch: 675, loss:  9.141e-01, time per epoch:  1.041e+01
[21:56:22 - main - INFO] epoch: 676, loss:  9.141e-01, time per epoch:  1.124e+01
[21:56:33 - main - INFO] epoch: 677, loss:  9.141e-01, time per epoch:  1.094e+01
[21:56:44 - main - INFO] epoch: 678, loss:  9.141e-01, time per epoch:  1.163e+01
[21:56:55 - main - INFO] epoch: 679, loss:  9.141e-01, time per epoch:  1.067e+01
[21:57:06 - main - INFO] epoch: 680, loss:  9.141e-01, time per epoch:  1.071e+01
[21:57:06 - main - INFO] Saved model on rank 0
[21:57:16 - main - INFO] epoch: 681, loss:  9.141e-01, time per epoch:  1.062e+01
[21:57:28 - main - INFO] epoch: 682, loss:  9.141e-01, time per epoch:  1.156e+01
[21:57:39 - main - INFO] epoch: 683, loss:  9.141e-01, time per epoch:  1.127e+01
[21:57:50 - main - INFO] epoch: 684, loss:  9.141e-01, time per epoch:  1.063e+01
[21:58:01 - main - INFO] epoch: 685, loss:  9.141e-01, time per epoch:  1.105e+01
[21:58:12 - main - INFO] epoch: 686, loss:  9.141e-01, time per epoch:  1.119e+01
[21:58:23 - main - INFO] epoch: 687, loss:  9.141e-01, time per epoch:  1.081e+01
[21:58:34 - main - INFO] epoch: 688, loss:  9.141e-01, time per epoch:  1.140e+01
[21:58:46 - main - INFO] epoch: 689, loss:  9.141e-01, time per epoch:  1.141e+01
[21:58:58 - main - INFO] epoch: 690, loss:  9.141e-01, time per epoch:  1.164e+01
[21:58:58 - main - INFO] Saved model on rank 0
[21:59:09 - main - INFO] epoch: 691, loss:  9.141e-01, time per epoch:  1.124e+01
[21:59:20 - main - INFO] epoch: 692, loss:  9.141e-01, time per epoch:  1.119e+01
[21:59:32 - main - INFO] epoch: 693, loss:  9.141e-01, time per epoch:  1.141e+01
[21:59:43 - main - INFO] epoch: 694, loss:  9.141e-01, time per epoch:  1.124e+01
[21:59:54 - main - INFO] epoch: 695, loss:  9.141e-01, time per epoch:  1.126e+01
[22:00:05 - main - INFO] epoch: 696, loss:  9.141e-01, time per epoch:  1.111e+01
[22:00:17 - main - INFO] epoch: 697, loss:  9.141e-01, time per epoch:  1.134e+01
[22:00:27 - main - INFO] epoch: 698, loss:  9.141e-01, time per epoch:  1.049e+01
[22:00:38 - main - INFO] epoch: 699, loss:  9.141e-01, time per epoch:  1.086e+01
[22:00:49 - main - INFO] epoch: 700, loss:  9.141e-01, time per epoch:  1.117e+01
[22:00:49 - main - INFO] Saved model on rank 0
[22:01:01 - main - INFO] epoch: 701, loss:  9.141e-01, time per epoch:  1.140e+01
[22:01:12 - main - INFO] epoch: 702, loss:  9.141e-01, time per epoch:  1.122e+01
[22:01:24 - main - INFO] epoch: 703, loss:  9.141e-01, time per epoch:  1.169e+01
[22:01:35 - main - INFO] epoch: 704, loss:  9.141e-01, time per epoch:  1.137e+01
[22:01:46 - main - INFO] epoch: 705, loss:  9.141e-01, time per epoch:  1.099e+01
[22:01:57 - main - INFO] epoch: 706, loss:  9.141e-01, time per epoch:  1.127e+01
[22:02:09 - main - INFO] epoch: 707, loss:  9.141e-01, time per epoch:  1.111e+01
[22:02:19 - main - INFO] epoch: 708, loss:  9.141e-01, time per epoch:  1.084e+01
[22:02:30 - main - INFO] epoch: 709, loss:  9.141e-01, time per epoch:  1.099e+01
[22:02:42 - main - INFO] epoch: 710, loss:  9.141e-01, time per epoch:  1.140e+01
[22:02:42 - main - INFO] Saved model on rank 0
[22:02:53 - main - INFO] epoch: 711, loss:  9.141e-01, time per epoch:  1.124e+01
[22:03:04 - main - INFO] epoch: 712, loss:  9.141e-01, time per epoch:  1.066e+01
[22:03:14 - main - INFO] epoch: 713, loss:  9.141e-01, time per epoch:  1.053e+01
[22:03:25 - main - INFO] epoch: 714, loss:  9.141e-01, time per epoch:  1.081e+01
[22:03:37 - main - INFO] epoch: 715, loss:  9.141e-01, time per epoch:  1.130e+01
[22:03:48 - main - INFO] epoch: 716, loss:  9.141e-01, time per epoch:  1.108e+01
[22:03:59 - main - INFO] epoch: 717, loss:  9.141e-01, time per epoch:  1.145e+01
[22:04:10 - main - INFO] epoch: 718, loss:  9.141e-01, time per epoch:  1.102e+01
[22:04:22 - main - INFO] epoch: 719, loss:  9.141e-01, time per epoch:  1.187e+01
[22:04:34 - main - INFO] epoch: 720, loss:  9.141e-01, time per epoch:  1.163e+01
[22:04:34 - main - INFO] Saved model on rank 0
[22:04:45 - main - INFO] epoch: 721, loss:  9.141e-01, time per epoch:  1.111e+01
[22:04:56 - main - INFO] epoch: 722, loss:  9.141e-01, time per epoch:  1.104e+01
[22:05:07 - main - INFO] epoch: 723, loss:  9.141e-01, time per epoch:  1.091e+01
[22:05:17 - main - INFO] epoch: 724, loss:  9.141e-01, time per epoch:  1.041e+01
[22:05:29 - main - INFO] epoch: 725, loss:  9.141e-01, time per epoch:  1.126e+01
[22:05:40 - main - INFO] epoch: 726, loss:  9.141e-01, time per epoch:  1.127e+01
[22:05:51 - main - INFO] epoch: 727, loss:  9.141e-01, time per epoch:  1.125e+01
[22:06:02 - main - INFO] epoch: 728, loss:  9.141e-01, time per epoch:  1.097e+01
